Arguments: 
  /Users/carlossampol/.nvm/versions/node/v6.11.5/bin/node /usr/local/Cellar/yarn/1.5.1_1/libexec/bin/yarn.js install

PATH: 
  /Users/carlossampol/.nvm/versions/node/v6.11.5/bin:/Users/carlossampol/bin:/usr/local/bin:/Library/Frameworks/Python.framework/Versions/3.6/bin:/Library/Frameworks/Python.framework/Versions/3.6/bin:/usr/local/bin:/usr/bin:/bin:/usr/sbin:/sbin

Yarn version: 
  1.5.1

Node version: 
  6.11.5

Platform: 
  darwin x64

npm manifest: 
  {
    "name": "gatsby-starter-default",
    "description": "Gatsby default starter",
    "version": "1.0.0",
    "author": "Kyle Mathews <mathews.kyle@gmail.com>",
    "dependencies": {
      "gatsby": "^1.9.218",
      "gatsby-link": "^1.6.37",
      "gatsby-plugin-favicon": "^2.1.1",
      "gatsby-plugin-google-tagmanager": "^1.0.18",
      "gatsby-plugin-postcss-sass": "^1.0.18",
      "gatsby-plugin-react-helmet": "^2.0.5",
      "gatsby-plugin-sass": "^1.0.18",
      "gatsby-plugin-stylus": "^1.1.16",
      "nib": "^1.1.2",
      "npm": "^5.7.1",
      "react-countdown-now": "^1.3.0",
      "react-helmet": "^5.2.0",
      "react-scroll": "^1.7.8",
      "rupture": "^0.7.1"
    },
    "keywords": [
      "gatsby"
    ],
    "license": "MIT",
    "main": "n/a",
    "scripts": {
      "build": "gatsby build",
      "deploy": "gatsby build --prefix-paths && gh-pages -d public",
      "deploy-gh": "gh-pages -d public",
      "develop": "gatsby develop",
      "format": "prettier --trailing-comma es5 --no-semi --single-quote --write \"src/**/*.js\"",
      "test": "echo \"Error: no test specified\" && exit 1"
    },
    "devDependencies": {
      "gh-pages": "^1.1.0",
      "prettier": "^1.11.0"
    }
  }

yarn manifest: 
  No manifest

Lockfile: 
  No lockfile

Trace: 
  Error: Found incompatible module
      at MessageError.Error (native)
      at new MessageError (/usr/local/Cellar/yarn/1.5.1_1/libexec/lib/cli.js:186:110)
      at checkOne (/usr/local/Cellar/yarn/1.5.1_1/libexec/lib/cli.js:62444:11)
      at Object.check (/usr/local/Cellar/yarn/1.5.1_1/libexec/lib/cli.js:62463:5)
      at /usr/local/Cellar/yarn/1.5.1_1/libexec/lib/cli.js:22803:73
      at next (native)
      at step (/usr/local/Cellar/yarn/1.5.1_1/libexec/lib/cli.js:98:30)
      at /usr/local/Cellar/yarn/1.5.1_1/libexec/lib/cli.js:109:13
